# JRE version: OpenJDK Runtime Environment (21.0.9) (build 21.0.9+-14649483-b1163.86)
# Java VM: OpenJDK 64-Bit Server VM (21.0.9+-14649483-b1163.86, mixed mode, tiered, compressed oops, compressed class ptrs, g1 gc, windows-amd64)
GC Precious Log:
 CardTable entry size: 512
 Card Set container configuration: InlinePtr #cards 4 size 8 Array Of Cards #cards 16 size 48 Howl #buckets 8 coarsen threshold 3686 Howl Bitmap #cards 512 size 80 coarsen threshold 460 Card regions per heap region 1 cards per card region 4096
 CPUs: 12 total, 12 available
 Memory: 14188M
 Large Page Support: Disabled
 NUMA Support: Disabled
 Compressed Oops: Enabled (Zero based)
 Heap Region Size: 2M
 Heap Min Capacity: 8M
 Heap Initial Capacity: 222M
 Heap Max Capacity: 3548M
 Pre-touch: Disabled
 Parallel Workers: 10
 Concurrent Workers: 3
 Concurrent Refinement Workers: 10
 Periodic GC: Disabled
Heap:
 garbage-first heap   total 323584K, used 229154K [0x0000000722400000, 0x0000000800000000)
  region size 2048K, 50 young (102400K), 3 survivors (6144K)
 Metaspace       used 74021K, committed 74304K, reserved 1179648K
  class space    used 8352K, committed 8448K, reserved 1048576K
GC Heap History (20 events):
Event: 5.328 GC heap before
{Heap before GC invocations=10 (full 0):
 garbage-first heap   total 137216K, used 99815K [0x0000000722400000, 0x0000000800000000)
  region size 2048K, 36 young (73728K), 5 survivors (10240K)
 Metaspace       used 57128K, committed 57408K, reserved 1114112K
  class space    used 6674K, committed 6784K, reserved 1048576K
}
Event: 5.352 GC heap after
{Heap after GC invocations=11 (full 0):
 garbage-first heap   total 137216K, used 52063K [0x0000000722400000, 0x0000000800000000)
  region size 2048K, 5 young (10240K), 5 survivors (10240K)
 Metaspace       used 57128K, committed 57408K, reserved 1114112K
  class space    used 6674K, committed 6784K, reserved 1048576K
}
Event: 5.943 GC heap before
{Heap before GC invocations=11 (full 0):
 garbage-first heap   total 137216K, used 99167K [0x0000000722400000, 0x0000000800000000)
  region size 2048K, 29 young (59392K), 5 survivors (10240K)
 Metaspace       used 60125K, committed 60416K, reserved 1114112K
  class space    used 6976K, committed 7104K, reserved 1048576K
}
Event: 5.958 GC heap after
{Heap after GC invocations=12 (full 0):
 garbage-first heap   total 137216K, used 63616K [0x0000000722400000, 0x0000000800000000)
  region size 2048K, 4 young (8192K), 4 survivors (8192K)
 Metaspace       used 60125K, committed 60416K, reserved 1114112K
  class space    used 6976K, committed 7104K, reserved 1048576K
}
Event: 6.652 GC heap before
{Heap before GC invocations=13 (full 0):
 garbage-first heap   total 137216K, used 108672K [0x0000000722400000, 0x0000000800000000)
  region size 2048K, 26 young (53248K), 4 survivors (8192K)
 Metaspace       used 65355K, committed 65664K, reserved 1114112K
  class space    used 7635K, committed 7744K, reserved 1048576K
}
Event: 6.664 GC heap after
{Heap after GC invocations=14 (full 0):
 garbage-first heap   total 137216K, used 75776K [0x0000000722400000, 0x0000000800000000)
  region size 2048K, 4 young (8192K), 4 survivors (8192K)
 Metaspace       used 65355K, committed 65664K, reserved 1114112K
  class space    used 7635K, committed 7744K, reserved 1048576K
}
Event: 7.338 GC heap before
{Heap before GC invocations=14 (full 0):
 garbage-first heap   total 137216K, used 112640K [0x0000000722400000, 0x0000000800000000)
  region size 2048K, 22 young (45056K), 4 survivors (8192K)
 Metaspace       used 68774K, committed 69056K, reserved 1114112K
  class space    used 7961K, committed 8064K, reserved 1048576K
}
Event: 7.348 GC heap after
{Heap after GC invocations=15 (full 0):
 garbage-first heap   total 165888K, used 82068K [0x0000000722400000, 0x0000000800000000)
  region size 2048K, 3 young (6144K), 3 survivors (6144K)
 Metaspace       used 68774K, committed 69056K, reserved 1114112K
  class space    used 7961K, committed 8064K, reserved 1048576K
}
Event: 8.089 GC heap before
{Heap before GC invocations=15 (full 0):
 garbage-first heap   total 165888K, used 135316K [0x0000000722400000, 0x0000000800000000)
  region size 2048K, 29 young (59392K), 3 survivors (6144K)
 Metaspace       used 70707K, committed 71040K, reserved 1114112K
  class space    used 8133K, committed 8256K, reserved 1048576K
}
Event: 8.102 GC heap after
{Heap after GC invocations=16 (full 0):
 garbage-first heap   total 165888K, used 90112K [0x0000000722400000, 0x0000000800000000)
  region size 2048K, 4 young (8192K), 4 survivors (8192K)
 Metaspace       used 70707K, committed 71040K, reserved 1114112K
  class space    used 8133K, committed 8256K, reserved 1048576K
}
Event: 8.674 GC heap before
{Heap before GC invocations=17 (full 0):
 garbage-first heap   total 165888K, used 139264K [0x0000000722400000, 0x0000000800000000)
  region size 2048K, 28 young (57344K), 4 survivors (8192K)
 Metaspace       used 71304K, committed 71552K, reserved 1114112K
  class space    used 8167K, committed 8256K, reserved 1048576K
}
Event: 8.688 GC heap after
{Heap after GC invocations=18 (full 0):
 garbage-first heap   total 165888K, used 98304K [0x0000000722400000, 0x0000000800000000)
  region size 2048K, 4 young (8192K), 4 survivors (8192K)
 Metaspace       used 71304K, committed 71552K, reserved 1114112K
  class space    used 8167K, committed 8256K, reserved 1048576K
}
Event: 8.762 GC heap before
{Heap before GC invocations=18 (full 0):
 garbage-first heap   total 165888K, used 143360K [0x0000000722400000, 0x0000000800000000)
  region size 2048K, 26 young (53248K), 4 survivors (8192K)
 Metaspace       used 71315K, committed 71616K, reserved 1114112K
  class space    used 8167K, committed 8256K, reserved 1048576K
}
Event: 8.773 GC heap after
{Heap after GC invocations=19 (full 0):
 garbage-first heap   total 165888K, used 110449K [0x0000000722400000, 0x0000000800000000)
  region size 2048K, 4 young (8192K), 4 survivors (8192K)
 Metaspace       used 71315K, committed 71616K, reserved 1114112K
  class space    used 8167K, committed 8256K, reserved 1048576K
}
Event: 8.827 GC heap before
{Heap before GC invocations=19 (full 0):
 garbage-first heap   total 165888K, used 143217K [0x0000000722400000, 0x0000000800000000)
  region size 2048K, 20 young (40960K), 4 survivors (8192K)
 Metaspace       used 71315K, committed 71616K, reserved 1114112K
  class space    used 8167K, committed 8256K, reserved 1048576K
}
Event: 8.836 GC heap after
{Heap after GC invocations=20 (full 0):
 garbage-first heap   total 165888K, used 120832K [0x0000000722400000, 0x0000000800000000)
  region size 2048K, 3 young (6144K), 3 survivors (6144K)
 Metaspace       used 71315K, committed 71616K, reserved 1114112K
  class space    used 8167K, committed 8256K, reserved 1048576K
}
Event: 9.070 GC heap before
{Heap before GC invocations=21 (full 0):
 garbage-first heap   total 202752K, used 147456K [0x0000000722400000, 0x0000000800000000)
  region size 2048K, 16 young (32768K), 3 survivors (6144K)
 Metaspace       used 71408K, committed 71680K, reserved 1114112K
  class space    used 8170K, committed 8256K, reserved 1048576K
}
Event: 9.078 GC heap after
{Heap after GC invocations=22 (full 0):
 garbage-first heap   total 202752K, used 129024K [0x0000000722400000, 0x0000000800000000)
  region size 2048K, 2 young (4096K), 2 survivors (4096K)
 Metaspace       used 71408K, committed 71680K, reserved 1114112K
  class space    used 8170K, committed 8256K, reserved 1048576K
}
Event: 9.761 GC heap before
{Heap before GC invocations=22 (full 0):
 garbage-first heap   total 202752K, used 172032K [0x0000000722400000, 0x0000000800000000)
  region size 2048K, 23 young (47104K), 2 survivors (4096K)
 Metaspace       used 72086K, committed 72448K, reserved 1114112K
  class space    used 8207K, committed 8320K, reserved 1048576K
}
Event: 9.783 GC heap after
{Heap after GC invocations=23 (full 0):
 garbage-first heap   total 323584K, used 134946K [0x0000000722400000, 0x0000000800000000)
  region size 2048K, 3 young (6144K), 3 survivors (6144K)
 Metaspace       used 72086K, committed 72448K, reserved 1114112K
  class space    used 8207K, committed 8320K, reserved 1048576K
}

